<testsuite name="Mocha Tests" tests="2" failures="0" errors="0" skipped="0" timestamp="Thu, 02 Feb 2017 12:21:59 GMT" time="0.432">
<testcase classname="Area API REST test" name="[POST]    Get all areas" time="0.282"/>
<testcase classname="Area API REST test" name="[POST]    Get all areas" time="0.144"/>
</testsuite>
